<?xml version="1.0" encoding="UTF-8"?>
<robot generator="Robot 6.0.2 (Python 3.11.1 on win32)" generated="20230124 20:30:52.909" rpa="false" schemaversion="3">
<suite id="s1" name="Login Test" source="c:\Users\souis\OneDrive\Bureau\RobotFramework-POM\test-Cases\Login_Test.robot">
<kw name="Log To Console" library="BuiltIn" type="SETUP">
<arg>J'execute avant tous les tests</arg>
<doc>Logs the given message to the console.</doc>
<status status="PASS" starttime="20230124 20:30:53.240" endtime="20230124 20:30:53.243"/>
</kw>
<test id="s1-t1" name="LoginTestCase01" line="14">
<kw name=" Ouvrir le navigateur" library="Login-keywords" type="SETUP">
<arg>${URL}</arg>
<arg>${Browser}</arg>
<kw name="Open Browser" library="SeleniumLibrary">
<arg>${URL}</arg>
<arg>${Browser}</arg>
<doc>Opens a new browser instance to the optional ``url``.</doc>
<msg timestamp="20230124 20:30:53.250" level="INFO">Opening browser 'chrome' to base url 'https://admin-demo.nopcommerce.com/'.</msg>
<status status="PASS" starttime="20230124 20:30:53.248" endtime="20230124 20:30:56.835"/>
</kw>
<kw name="Maximize Browser Window" library="SeleniumLibrary">
<doc>Maximizes current browser window.</doc>
<status status="PASS" starttime="20230124 20:30:56.836" endtime="20230124 20:30:57.065"/>
</kw>
<status status="PASS" starttime="20230124 20:30:53.244" endtime="20230124 20:30:57.065"/>
</kw>
<kw name="Saisir le nom utilisateur" library="Login-keywords">
<arg>${User_Name}</arg>
<kw name="Input Text" library="SeleniumLibrary">
<arg>${txt_LoginuserName}</arg>
<arg>${user}</arg>
<doc>Types the given ``text`` into the text field identified by ``locator``.</doc>
<msg timestamp="20230124 20:30:57.071" level="INFO">Typing text 'admin@yourstore.com' into text field 'id:Email'.</msg>
<status status="PASS" starttime="20230124 20:30:57.069" endtime="20230124 20:30:57.315"/>
</kw>
<status status="PASS" starttime="20230124 20:30:57.068" endtime="20230124 20:30:57.315"/>
</kw>
<kw name="Saisir le mot de passe" library="Login-keywords">
<arg>${Password}</arg>
<kw name="Input Text" library="SeleniumLibrary">
<arg>${txt_LoginPass}</arg>
<arg>${Pass}</arg>
<doc>Types the given ``text`` into the text field identified by ``locator``.</doc>
<msg timestamp="20230124 20:30:57.319" level="INFO">Typing text 'admin' into text field 'id:Password'.</msg>
<status status="PASS" starttime="20230124 20:30:57.318" endtime="20230124 20:30:57.485"/>
</kw>
<status status="PASS" starttime="20230124 20:30:57.317" endtime="20230124 20:30:57.485"/>
</kw>
<kw name="Cliquer sur le bouton submit" library="Login-keywords">
<kw name="Click Button" library="SeleniumLibrary">
<arg>${Btn_LoginBtn}</arg>
<doc>Clicks the button identified by ``locator``.</doc>
<msg timestamp="20230124 20:30:57.488" level="INFO">Clicking button 'xpath://button[@type='submit']'.</msg>
<status status="PASS" starttime="20230124 20:30:57.486" endtime="20230124 20:31:02.107"/>
</kw>
<status status="PASS" starttime="20230124 20:30:57.486" endtime="20230124 20:31:02.108"/>
</kw>
<kw name="Valider que le mot Dashboard s'afficher" library="Login-keywords">
<kw name="Page Should Contain" library="SeleniumLibrary">
<arg>Dashboard</arg>
<doc>Verifies that current page contains ``text``.</doc>
<msg timestamp="20230124 20:31:02.555" level="INFO">Current page contains text 'Dashboard'.</msg>
<status status="PASS" starttime="20230124 20:31:02.174" endtime="20230124 20:31:02.555"/>
</kw>
<status status="PASS" starttime="20230124 20:31:02.173" endtime="20230124 20:31:02.556"/>
</kw>
<kw name="Fermer le navigateur" library="Login-keywords" type="TEARDOWN">
<kw name="Sleep" library="BuiltIn">
<arg>3</arg>
<doc>Pauses the test executed for the given time.</doc>
<msg timestamp="20230124 20:31:05.620" level="INFO">Slept 3 seconds</msg>
<status status="PASS" starttime="20230124 20:31:02.620" endtime="20230124 20:31:05.620"/>
</kw>
<kw name="Close Browser" library="SeleniumLibrary">
<doc>Closes the current browser.</doc>
<status status="PASS" starttime="20230124 20:31:05.621" endtime="20230124 20:31:12.177"/>
</kw>
<status status="PASS" starttime="20230124 20:31:02.619" endtime="20230124 20:31:12.178"/>
</kw>
<status status="PASS" starttime="20230124 20:30:53.243" endtime="20230124 20:31:12.180"/>
</test>
<kw name="Log To Console" library="BuiltIn" type="TEARDOWN">
<arg>J'execute aprés tous les tests</arg>
<doc>Logs the given message to the console.</doc>
<status status="PASS" starttime="20230124 20:31:12.182" endtime="20230124 20:31:12.183"/>
</kw>
<status status="PASS" starttime="20230124 20:30:52.918" endtime="20230124 20:31:12.183"/>
</suite>
<statistics>
<total>
<stat pass="1" fail="0" skip="0">All Tests</stat>
</total>
<tag>
</tag>
<suite>
<stat pass="1" fail="0" skip="0" id="s1" name="Login Test">Login Test</stat>
</suite>
</statistics>
<errors>
</errors>
</robot>
